2017-08-18 01:07:05 INFO  GreetingServiceImpl:22 - Called getGreetingByTime method
2017-08-18 01:07:05 INFO  GreetingServiceImpl:38 - Added night greeting text to the variable 'greeting'
2017-08-18 01:07:05 INFO  GreetingServiceImpl:40 - Returned 'greeting' variable by method 'getGreetingByTime'
2017-08-18 01:29:58 INFO  GreetingServiceImpl:22 - Called getGreetingByTime method
2017-08-18 01:29:58 INFO  GreetingServiceImpl:35 - Added evening greeting text to the variable 'greeting'
2017-08-18 01:29:58 INFO  GreetingServiceImpl:40 - Returned 'greeting' variable by method 'getGreetingByTime'
2017-08-18 01:29:58 INFO  GreetingServiceImpl:22 - Called getGreetingByTime method
2017-08-18 01:29:58 INFO  GreetingServiceImpl:32 - Added day greeting text to the variable 'greeting'
2017-08-18 01:29:58 INFO  GreetingServiceImpl:40 - Returned 'greeting' variable by method 'getGreetingByTime'
2017-08-18 01:29:58 INFO  GreetingServiceImpl:22 - Called getGreetingByTime method
2017-08-18 01:29:58 INFO  GreetingServiceImpl:38 - Added night greeting text to the variable 'greeting'
2017-08-18 01:29:58 INFO  GreetingServiceImpl:40 - Returned 'greeting' variable by method 'getGreetingByTime'
2017-08-18 01:29:58 INFO  GreetingServiceImpl:22 - Called getGreetingByTime method
2017-08-18 01:29:58 INFO  GreetingServiceImpl:29 - Added morning greeting text to the variable 'greeting'
2017-08-18 01:29:58 INFO  GreetingServiceImpl:40 - Returned 'greeting' variable by method 'getGreetingByTime'
2017-08-18 01:30:02 INFO  GreetingServiceImpl:22 - Called getGreetingByTime method
2017-08-18 01:30:02 INFO  GreetingServiceImpl:29 - Added morning greeting text to the variable 'greeting'
2017-08-18 01:30:02 INFO  GreetingServiceImpl:40 - Returned 'greeting' variable by method 'getGreetingByTime'
2017-08-18 01:30:46 INFO  GreetingServiceImpl:22 - Called getGreetingByTime method
2017-08-18 01:30:46 INFO  GreetingServiceImpl:38 - Added night greeting text to the variable 'greeting'
2017-08-18 01:30:46 INFO  GreetingServiceImpl:40 - Returned 'greeting' variable by method 'getGreetingByTime'
2017-08-18 01:30:48 INFO  GreetingServiceImpl:22 - Called getGreetingByTime method
2017-08-18 01:30:48 INFO  GreetingServiceImpl:29 - Added morning greeting text to the variable 'greeting'
2017-08-18 01:30:48 INFO  GreetingServiceImpl:40 - Returned 'greeting' variable by method 'getGreetingByTime'
2017-08-18 01:31:20 INFO  GreetingServiceImpl:22 - Called getGreetingByTime method
2017-08-18 01:31:20 INFO  GreetingServiceImpl:38 - Added night greeting text to the variable 'greeting'
2017-08-18 01:31:20 INFO  GreetingServiceImpl:40 - Returned 'greeting' variable by method 'getGreetingByTime'
2017-08-18 01:31:24 INFO  GreetingServiceImpl:22 - Called getGreetingByTime method
2017-08-18 01:31:24 INFO  GreetingServiceImpl:29 - Added morning greeting text to the variable 'greeting'
2017-08-18 01:31:24 INFO  GreetingServiceImpl:40 - Returned 'greeting' variable by method 'getGreetingByTime'
2017-08-18 01:31:30 INFO  GreetingServiceImpl:22 - Called getGreetingByTime method
2017-08-18 01:31:30 INFO  GreetingServiceImpl:38 - Added night greeting text to the variable 'greeting'
2017-08-18 01:31:30 INFO  GreetingServiceImpl:40 - Returned 'greeting' variable by method 'getGreetingByTime'
2017-08-18 01:31:33 INFO  GreetingServiceImpl:22 - Called getGreetingByTime method
2017-08-18 01:31:33 INFO  GreetingServiceImpl:29 - Added morning greeting text to the variable 'greeting'
2017-08-18 01:31:33 INFO  GreetingServiceImpl:40 - Returned 'greeting' variable by method 'getGreetingByTime'
2017-08-18 01:32:24 INFO  GreetingServiceImpl:22 - Called getGreetingByTime method
2017-08-18 01:32:24 INFO  GreetingServiceImpl:38 - Added night greeting text to the variable 'greeting'
2017-08-18 01:32:24 INFO  GreetingServiceImpl:40 - Returned 'greeting' variable by method 'getGreetingByTime'
2017-08-18 01:32:26 INFO  GreetingServiceImpl:22 - Called getGreetingByTime method
2017-08-18 01:32:26 INFO  GreetingServiceImpl:29 - Added morning greeting text to the variable 'greeting'
2017-08-18 01:32:26 INFO  GreetingServiceImpl:40 - Returned 'greeting' variable by method 'getGreetingByTime'
2017-08-18 01:32:38 INFO  GreetingServiceImpl:22 - Called getGreetingByTime method
2017-08-18 01:32:38 INFO  GreetingServiceImpl:35 - Added evening greeting text to the variable 'greeting'
2017-08-18 01:32:38 INFO  GreetingServiceImpl:40 - Returned 'greeting' variable by method 'getGreetingByTime'
2017-08-18 01:32:38 INFO  GreetingServiceImpl:22 - Called getGreetingByTime method
2017-08-18 01:32:38 INFO  GreetingServiceImpl:32 - Added day greeting text to the variable 'greeting'
2017-08-18 01:32:38 INFO  GreetingServiceImpl:40 - Returned 'greeting' variable by method 'getGreetingByTime'
2017-08-18 01:32:38 INFO  GreetingServiceImpl:22 - Called getGreetingByTime method
2017-08-18 01:32:38 INFO  GreetingServiceImpl:38 - Added night greeting text to the variable 'greeting'
2017-08-18 01:32:38 INFO  GreetingServiceImpl:40 - Returned 'greeting' variable by method 'getGreetingByTime'
2017-08-18 01:32:38 INFO  GreetingServiceImpl:22 - Called getGreetingByTime method
2017-08-18 01:32:38 INFO  GreetingServiceImpl:29 - Added morning greeting text to the variable 'greeting'
2017-08-18 01:32:38 INFO  GreetingServiceImpl:40 - Returned 'greeting' variable by method 'getGreetingByTime'
